<?xml version="1.0" encoding="UTF-8"?>
<testng-results ignored="0" total="1" passed="1" failed="0" skipped="0">
  <reporter-output>
  </reporter-output>
  <suite started-at="2023-10-19T16:29:29 IST" name="Suite" finished-at="2023-10-19T16:30:38 IST" duration-ms="69429">
    <groups>
    </groups>
    <test started-at="2023-10-19T16:29:29 IST" name="Test" finished-at="2023-10-19T16:30:38 IST" duration-ms="69429">
      <class name="RUNNER.Excel_Runner">
        <test-method is-config="true" signature="launch()[pri:0, instance:RUNNER.Excel_Runner@32ee6fee]" started-at="2023-10-19T16:29:29 IST" name="launch" finished-at="2023-10-19T16:29:36 IST" duration-ms="7406" status="PASS">
          <reporter-output>
          </reporter-output>
        </test-method> <!-- launch -->
        <test-method signature="runner1()[pri:0, instance:RUNNER.Excel_Runner@32ee6fee]" started-at="2023-10-19T16:29:36 IST" name="runner1" finished-at="2023-10-19T16:30:38 IST" duration-ms="61463" status="PASS">
          <reporter-output>
          </reporter-output>
        </test-method> <!-- runner1 -->
        <test-method is-config="true" signature="closeapp(org.testng.ITestResult)[pri:0, instance:RUNNER.Excel_Runner@32ee6fee]" started-at="2023-10-19T16:30:38 IST" name="closeapp" finished-at="2023-10-19T16:30:38 IST" duration-ms="479" status="PASS">
          <params>
            <param index="0">
              <value>
                <![CDATA[[TestResult name=runner1 status=SUCCESS method=Excel_Runner.runner1()[pri:0, instance:RUNNER.Excel_Runner@32ee6fee] output={null}]]]>
              </value>
            </param>
          </params>
          <reporter-output>
          </reporter-output>
        </test-method> <!-- closeapp -->
      </class> <!-- RUNNER.Excel_Runner -->
    </test> <!-- Test -->
  </suite> <!-- Suite -->
</testng-results>
